Using pre-set license
Built from '2020.3/staging' branch; Version is '2020.3.14f1 (d0d1bb862f9d) revision 13685179'; Using compiler version '192528614'; Build Type 'Release'
OS: 'Windows 10 Home; OS build 19042.1165; Version 2009; 64bit' Language: 'en' Physical Memory: 16169 MB
BatchMode: 1, IsHumanControllingUs: 0, StartBugReporterOnCrash: 0, Is64bit: 1, IsPro: 0

 COMMAND LINE ARGUMENTS:
C:\Program Files\Unity\2020.3.14f1\Editor\Unity.exe
-adb2
-batchMode
-noUpm
-name
AssetImportWorker0
-projectPath
C:/Users/ajbar/Desktop/CharacterController/Unity-CharacterController
-logFile
Logs/AssetImportWorker0.log
-srvPort
54802
Successfully changed project path to: C:/Users/ajbar/Desktop/CharacterController/Unity-CharacterController
C:/Users/ajbar/Desktop/CharacterController/Unity-CharacterController
Using Asset Import Pipeline V2.
Refreshing native plugins compatible for Editor in 92.15 ms, found 2 plugins.
Preloading 0 native plugins for Editor in 0.00 ms.
Initialize engine version: 2020.3.14f1 (d0d1bb862f9d)
[Subsystems] Discovering subsystems at path C:/Program Files/Unity/2020.3.14f1/Editor/Data/Resources/UnitySubsystems
[Subsystems] Discovering subsystems at path C:/Users/ajbar/Desktop/CharacterController/Unity-CharacterController/Assets
GfxDevice: creating device client; threaded=0
Direct3D:
    Version:  Direct3D 11.0 [level 11.1]
    Renderer: NVIDIA GeForce RTX 2060 (ID=0x1f15)
    Vendor:   
    VRAM:     5980 MB
    Driver:   30.0.14.7168
Initialize mono
Mono path[0] = 'C:/Program Files/Unity/2020.3.14f1/Editor/Data/Managed'
Mono path[1] = 'C:/Program Files/Unity/2020.3.14f1/Editor/Data/MonoBleedingEdge/lib/mono/unityjit'
Mono config path = 'C:/Program Files/Unity/2020.3.14f1/Editor/Data/MonoBleedingEdge/etc'
Using monoOptions --debugger-agent=transport=dt_socket,embedding=1,server=y,suspend=n,address=127.0.0.1:56352
Begin MonoManager ReloadAssembly
Registering precompiled unity dll's ...
Register platform support module: C:/Program Files/Unity/2020.3.14f1/Editor/Data/PlaybackEngines/WindowsStandaloneSupport/UnityEditor.WindowsStandalone.Extensions.dll
Registered in 0.002140 seconds.
Native extension for WindowsStandalone target not found
Refreshing native plugins compatible for Editor in 87.55 ms, found 2 plugins.
Preloading 0 native plugins for Editor in 0.00 ms.
Mono: successfully reloaded assembly
- Completed reload, in  1.322 seconds
Domain Reload Profiling:
	ReloadAssembly (1322ms)
		BeginReloadAssembly (77ms)
			ExecutionOrderSort (0ms)
			DisableScriptedObjects (0ms)
			BackupInstance (0ms)
			ReleaseScriptingObjects (0ms)
			CreateAndSetChildDomain (1ms)
		EndReloadAssembly (556ms)
			LoadAssemblies (74ms)
			RebuildTransferFunctionScriptingTraits (0ms)
			SetupTypeCache (193ms)
			ReleaseScriptCaches (0ms)
			RebuildScriptCaches (37ms)
			SetupLoadedEditorAssemblies (241ms)
				LogAssemblyErrors (0ms)
				InitializePlatformSupportModulesInManaged (4ms)
				SetLoadedEditorAssemblies (0ms)
				RefreshPlugins (88ms)
				BeforeProcessingInitializeOnLoad (13ms)
				ProcessInitializeOnLoadAttributes (100ms)
				ProcessInitializeOnLoadMethodAttributes (35ms)
				AfterProcessingInitializeOnLoad (0ms)
				EditorAssembliesLoaded (0ms)
			ExecutionOrderSort2 (0ms)
			AwakeInstancesAfterBackupRestoration (0ms)
Platform modules already initialized, skipping
Registering precompiled user dll's ...
Registered in 0.005443 seconds.
Begin MonoManager ReloadAssembly
Native extension for WindowsStandalone target not found
Refreshing native plugins compatible for Editor in 0.74 ms, found 2 plugins.
Preloading 0 native plugins for Editor in 0.00 ms.
Mono: successfully reloaded assembly
- Completed reload, in  1.971 seconds
Domain Reload Profiling:
	ReloadAssembly (1972ms)
		BeginReloadAssembly (177ms)
			ExecutionOrderSort (0ms)
			DisableScriptedObjects (6ms)
			BackupInstance (0ms)
			ReleaseScriptingObjects (0ms)
			CreateAndSetChildDomain (20ms)
		EndReloadAssembly (1717ms)
			LoadAssemblies (105ms)
			RebuildTransferFunctionScriptingTraits (0ms)
			SetupTypeCache (394ms)
			ReleaseScriptCaches (0ms)
			RebuildScriptCaches (63ms)
			SetupLoadedEditorAssemblies (1034ms)
				LogAssemblyErrors (0ms)
				InitializePlatformSupportModulesInManaged (6ms)
				SetLoadedEditorAssemblies (1ms)
				RefreshPlugins (1ms)
				BeforeProcessingInitializeOnLoad (126ms)
				ProcessInitializeOnLoadAttributes (887ms)
				ProcessInitializeOnLoadMethodAttributes (5ms)
				AfterProcessingInitializeOnLoad (8ms)
				EditorAssembliesLoaded (0ms)
			ExecutionOrderSort2 (0ms)
			AwakeInstancesAfterBackupRestoration (7ms)
Platform modules already initialized, skipping
========================================================================
Worker process is ready to serve import requests
Launched and connected shader compiler UnityShaderCompiler.exe after 0.05 seconds
Refreshing native plugins compatible for Editor in 0.98 ms, found 2 plugins.
Preloading 0 native plugins for Editor in 0.00 ms.
Unloading 1988 Unused Serialized files (Serialized files now loaded: 0)
System memory in use before: 91.2 MB.
System memory in use after: 91.3 MB.

Unloading 20 unused Assets to reduce memory usage. Loaded Objects now: 2421.
Total: 3.251900 ms (FindLiveObjects: 0.268400 ms CreateObjectMapping: 0.099300 ms MarkObjects: 2.787700 ms  DeleteObjects: 0.095000 ms)

AssetImportParameters requested are different than current active one (requested -> active):
  custom:framework-win-MediaFoundation: 216162199b28c13a410421893ffa2e32 -> 
  custom:video-decoder-ogg-theora: a1e56fd34408186e4bbccfd4996cb3dc -> 
  custom:container-muxer-webm: aa71ff27fc2769a1b78a27578f13a17b -> 
  custom:container-demuxer-webm: 4f35f7cbe854078d1ac9338744f61a02 -> 
  custom:container-demuxer-ogg: 62fdf1f143b41e24485cea50d1cbac27 -> 
  custom:video-encoder-webm-vp8: eb34c28f22e8b96e1ab97ce403110664 -> 
  custom:video-codec-MediaFoundation-h265: 746d11721c4dcdbdad8f713fa42b33f4 -> 
  custom:video-decoder-webm-vp8: 9c59270c3fd7afecdb556c50c9e8de78 -> 
  custom:audio-decoder-ogg-vorbis: bf7c407c2cedff20999df2af8eb42d56 -> 
  custom:audio-encoder-webm-vorbis: bf7c407c2cedff20999df2af8eb42d56 -> 
========================================================================
Received Import Request.
  path: Assets/Animations/Project Two/Character Animations/Jump/Directional/Test/End.FBX
  artifactKey: Guid(a1f1d9563f66ae44f9562653197b7881) Importer(815301076,1909f56bfc062723c751e8b465ee728b)
Start importing Assets/Animations/Project Two/Character Animations/Jump/Directional/Test/End.FBX using Guid(a1f1d9563f66ae44f9562653197b7881) Importer(815301076,1909f56bfc062723c751e8b465ee728b)  -> (artifact id: '5484ddbf27e000e8e44d9d0e8dfae39c') in 0.240663 seconds 
  Import took 0.245726 seconds .

========================================================================
Received Import Request.
  Time since last request: 0.002967 seconds.
  path: Assets/Animations/Project Two/Character Animations/Jump/Directional/Test/End.FBX
  artifactKey: Guid(a1f1d9563f66ae44f9562653197b7881) Importer(815301076,1909f56bfc062723c751e8b465ee728b)
Start importing Assets/Animations/Project Two/Character Animations/Jump/Directional/Test/End.FBX using Guid(a1f1d9563f66ae44f9562653197b7881) Importer(815301076,1909f56bfc062723c751e8b465ee728b)  -> (artifact id: '5484ddbf27e000e8e44d9d0e8dfae39c') in 0.045846 seconds 
  Import took 0.050531 seconds .

========================================================================
Received Import Request.
  Time since last request: 28.124782 seconds.
  path: Assets/Animations/Project Two/Character Animations/Jump/Directional/Test/End.FBX
  artifactKey: Guid(a1f1d9563f66ae44f9562653197b7881) Importer(815301076,1909f56bfc062723c751e8b465ee728b)
Start importing Assets/Animations/Project Two/Character Animations/Jump/Directional/Test/End.FBX using Guid(a1f1d9563f66ae44f9562653197b7881) Importer(815301076,1909f56bfc062723c751e8b465ee728b)  -> (artifact id: 'f466dda900c6f662f5bd85ad9236d58c') in 0.043791 seconds 
  Import took 0.048219 seconds .

========================================================================
Received Import Request.
  Time since last request: 18.004523 seconds.
  path: Assets/Animations/Project Two/Character Animations/Jump/Directional/Test/End.FBX
  artifactKey: Guid(a1f1d9563f66ae44f9562653197b7881) Importer(815301076,1909f56bfc062723c751e8b465ee728b)
Start importing Assets/Animations/Project Two/Character Animations/Jump/Directional/Test/End.FBX using Guid(a1f1d9563f66ae44f9562653197b7881) Importer(815301076,1909f56bfc062723c751e8b465ee728b)  -> (artifact id: '245514bada57099185272a68971bdd02') in 0.044986 seconds 
  Import took 0.049613 seconds .

========================================================================
Received Import Request.
  Time since last request: 0.004652 seconds.
  path: Assets/Animations/Project Two/Character Animations/Jump/Directional/Test/End.FBX
  artifactKey: Guid(a1f1d9563f66ae44f9562653197b7881) Importer(815301076,1909f56bfc062723c751e8b465ee728b)
Start importing Assets/Animations/Project Two/Character Animations/Jump/Directional/Test/End.FBX using Guid(a1f1d9563f66ae44f9562653197b7881) Importer(815301076,1909f56bfc062723c751e8b465ee728b)  -> (artifact id: '245514bada57099185272a68971bdd02') in 0.048111 seconds 
  Import took 0.052501 seconds .

========================================================================
Received Import Request.
  Time since last request: 14.830198 seconds.
  path: Assets/Animations/Project Two/Character Animations/Jump/Directional/Test/End.FBX
  artifactKey: Guid(a1f1d9563f66ae44f9562653197b7881) Importer(815301076,1909f56bfc062723c751e8b465ee728b)
Start importing Assets/Animations/Project Two/Character Animations/Jump/Directional/Test/End.FBX using Guid(a1f1d9563f66ae44f9562653197b7881) Importer(815301076,1909f56bfc062723c751e8b465ee728b)  -> (artifact id: '0970758407463e3378bed10a0d85ed44') in 0.037712 seconds 
  Import took 0.042604 seconds .

========================================================================
Received Import Request.
  Time since last request: 0.004267 seconds.
  path: Assets/Animations/Project Two/Character Animations/Jump/Directional/Test/End.FBX
  artifactKey: Guid(a1f1d9563f66ae44f9562653197b7881) Importer(815301076,1909f56bfc062723c751e8b465ee728b)
Start importing Assets/Animations/Project Two/Character Animations/Jump/Directional/Test/End.FBX using Guid(a1f1d9563f66ae44f9562653197b7881) Importer(815301076,1909f56bfc062723c751e8b465ee728b)  -> (artifact id: '0970758407463e3378bed10a0d85ed44') in 0.041715 seconds 
  Import took 0.046421 seconds .

========================================================================
Received Import Request.
  Time since last request: 9.405432 seconds.
  path: Assets/Animations/Project Two/Character Animations/Jump/Directional/Test/StartJumpTest.anim
  artifactKey: Guid(a4c4a7d710732564a86065c3c50c56eb) Importer(815301076,1909f56bfc062723c751e8b465ee728b)
Start importing Assets/Animations/Project Two/Character Animations/Jump/Directional/Test/StartJumpTest.anim using Guid(a4c4a7d710732564a86065c3c50c56eb) Importer(815301076,1909f56bfc062723c751e8b465ee728b)  -> (artifact id: '2d3cfb8a2478cf194eeb6988b8d85544') in 0.031119 seconds 
  Import took 0.034615 seconds .

========================================================================
Received Import Request.
  Time since last request: 0.091887 seconds.
  path: Assets/Animations/Project Two/Character Animations/Jump/Directional/Test/StartJumpTest.anim
  artifactKey: Guid(a4c4a7d710732564a86065c3c50c56eb) Importer(815301076,1909f56bfc062723c751e8b465ee728b)
Start importing Assets/Animations/Project Two/Character Animations/Jump/Directional/Test/StartJumpTest.anim using Guid(a4c4a7d710732564a86065c3c50c56eb) Importer(815301076,1909f56bfc062723c751e8b465ee728b)  -> (artifact id: '2d3cfb8a2478cf194eeb6988b8d85544') in 0.026197 seconds 
  Import took 0.030481 seconds .

========================================================================
Received Import Request.
  Time since last request: 99.764840 seconds.
  path: Assets/Animations/Project Two/Character Animations/Jump/Directional/Test/Idle
  artifactKey: Guid(bef41bef8aff04c4a93eacbd6de67717) Importer(815301076,1909f56bfc062723c751e8b465ee728b)
Start importing Assets/Animations/Project Two/Character Animations/Jump/Directional/Test/Idle using Guid(bef41bef8aff04c4a93eacbd6de67717) Importer(815301076,1909f56bfc062723c751e8b465ee728b)  -> (artifact id: 'c73faee0071603b4c7f69979e45c9675') in 0.007313 seconds 
  Import took 0.011488 seconds .

========================================================================
Received Import Request.
  Time since last request: 8.728772 seconds.
  path: Assets/Animations/Project Two/Character Animations/Jump/Directional/Test/Right
  artifactKey: Guid(b65ad072858b69442b1c832f8f78aeac) Importer(815301076,1909f56bfc062723c751e8b465ee728b)
Start importing Assets/Animations/Project Two/Character Animations/Jump/Directional/Test/Right using Guid(b65ad072858b69442b1c832f8f78aeac) Importer(815301076,1909f56bfc062723c751e8b465ee728b)  -> (artifact id: '44b94ba0d93a435e9cac326c6598cf1e') in 0.007555 seconds 
  Import took 0.013576 seconds .

========================================================================
Received Import Request.
  Time since last request: 0.001112 seconds.
  path: Assets/Animations/Project Two/Character Animations/Jump/Directional/Test/Right
  artifactKey: Guid(b65ad072858b69442b1c832f8f78aeac) Importer(815301076,1909f56bfc062723c751e8b465ee728b)
Start importing Assets/Animations/Project Two/Character Animations/Jump/Directional/Test/Right using Guid(b65ad072858b69442b1c832f8f78aeac) Importer(815301076,1909f56bfc062723c751e8b465ee728b)  -> (artifact id: '44b94ba0d93a435e9cac326c6598cf1e') in 0.002505 seconds 
  Import took 0.006685 seconds .

========================================================================
Received Import Request.
  Time since last request: 6.240192 seconds.
  path: Assets/Animations/Project Two/Character Animations/Jump/Directional/Jump_LEFT 1.FBX
  artifactKey: Guid(d907e348cd186ac4cb93a3d38a8b7731) Importer(815301076,1909f56bfc062723c751e8b465ee728b)
Start importing Assets/Animations/Project Two/Character Animations/Jump/Directional/Jump_LEFT 1.FBX using Guid(d907e348cd186ac4cb93a3d38a8b7731) Importer(815301076,1909f56bfc062723c751e8b465ee728b)  -> (artifact id: '425ccfe6f084603856061c896ac06951') in 0.038886 seconds 
  Import took 0.043554 seconds .

========================================================================
Received Import Request.
  Time since last request: 11.239731 seconds.
  path: Assets/Animations/Project Two/Character Animations/Jump/Directional/Jump_RIGHT 1.FBX
  artifactKey: Guid(1154f4d93d6236849b9a17dd5ceca1a9) Importer(815301076,1909f56bfc062723c751e8b465ee728b)
Start importing Assets/Animations/Project Two/Character Animations/Jump/Directional/Jump_RIGHT 1.FBX using Guid(1154f4d93d6236849b9a17dd5ceca1a9) Importer(815301076,1909f56bfc062723c751e8b465ee728b)  -> (artifact id: '0c29da71b6643a9be7e851db02479d93') in 0.040972 seconds 
  Import took 0.045181 seconds .

========================================================================
Received Import Request.
  Time since last request: 8.225513 seconds.
  path: Assets/Animations/Project Two/Character Animations/Jump/Directional/Test/Right/Jump_RIGHT 2.FBX
  artifactKey: Guid(df449d8f5f1f4814f8594fd8cda6b334) Importer(815301076,1909f56bfc062723c751e8b465ee728b)
Start importing Assets/Animations/Project Two/Character Animations/Jump/Directional/Test/Right/Jump_RIGHT 2.FBX using Guid(df449d8f5f1f4814f8594fd8cda6b334) Importer(815301076,1909f56bfc062723c751e8b465ee728b)  -> (artifact id: '914f36c98a6ab093f95672e9f0dc77f3') in 0.039541 seconds 
  Import took 0.044552 seconds .

========================================================================
Received Import Request.
  Time since last request: 14.582368 seconds.
  path: Assets/Animations/Project Two/Character Animations/Jump/Directional/Test/Right/Jump_RIGHT 2.FBX
  artifactKey: Guid(df449d8f5f1f4814f8594fd8cda6b334) Importer(815301076,1909f56bfc062723c751e8b465ee728b)
Start importing Assets/Animations/Project Two/Character Animations/Jump/Directional/Test/Right/Jump_RIGHT 2.FBX using Guid(df449d8f5f1f4814f8594fd8cda6b334) Importer(815301076,1909f56bfc062723c751e8b465ee728b)  -> (artifact id: '13d3d1ce6216f8ff133c463e6d3e62df') in 0.046564 seconds 
  Import took 0.051699 seconds .

========================================================================
Received Import Request.
  Time since last request: 0.000353 seconds.
  path: Assets/Animations/Project Two/Character Animations/Jump/Directional/Test/Right/Jump_RIGHT 2.FBX
  artifactKey: Guid(df449d8f5f1f4814f8594fd8cda6b334) Importer(815301076,1909f56bfc062723c751e8b465ee728b)
Start importing Assets/Animations/Project Two/Character Animations/Jump/Directional/Test/Right/Jump_RIGHT 2.FBX using Guid(df449d8f5f1f4814f8594fd8cda6b334) Importer(815301076,1909f56bfc062723c751e8b465ee728b)  -> (artifact id: '13d3d1ce6216f8ff133c463e6d3e62df') in 0.043121 seconds 
  Import took 0.047565 seconds .

========================================================================
Received Import Request.
  Time since last request: 49.536411 seconds.
  path: Assets/Animations/Project Two/Character Animations/Jump/Directional/Test/Right/Start.FBX
  artifactKey: Guid(df449d8f5f1f4814f8594fd8cda6b334) Importer(815301076,1909f56bfc062723c751e8b465ee728b)
Start importing Assets/Animations/Project Two/Character Animations/Jump/Directional/Test/Right/Start.FBX using Guid(df449d8f5f1f4814f8594fd8cda6b334) Importer(815301076,1909f56bfc062723c751e8b465ee728b)  -> (artifact id: '45440e8631626b5cb256c7ab8696fc8c') in 0.040662 seconds 
  Import took 0.045556 seconds .

========================================================================
Received Import Request.
  Time since last request: 10.642243 seconds.
  path: Assets/Animations/Project Two/Character Animations/Jump/Directional/Test/Right/Start.FBX
  artifactKey: Guid(df449d8f5f1f4814f8594fd8cda6b334) Importer(815301076,1909f56bfc062723c751e8b465ee728b)
Start importing Assets/Animations/Project Two/Character Animations/Jump/Directional/Test/Right/Start.FBX using Guid(df449d8f5f1f4814f8594fd8cda6b334) Importer(815301076,1909f56bfc062723c751e8b465ee728b)  -> (artifact id: 'a71b962d63387ba4fae4cc49b570f9cd') in 0.044688 seconds 
  Import took 0.052000 seconds .

========================================================================
Received Import Request.
  Time since last request: 9.682277 seconds.
  path: Assets/Animations/Project Two/Character Animations/Jump/Directional/Test/Right/Start.FBX
  artifactKey: Guid(df449d8f5f1f4814f8594fd8cda6b334) Importer(815301076,1909f56bfc062723c751e8b465ee728b)
Start importing Assets/Animations/Project Two/Character Animations/Jump/Directional/Test/Right/Start.FBX using Guid(df449d8f5f1f4814f8594fd8cda6b334) Importer(815301076,1909f56bfc062723c751e8b465ee728b)  -> (artifact id: 'c0d13fea26b32635052e288b918ac054') in 0.053937 seconds 
  Import took 0.061444 seconds .

========================================================================
Received Import Request.
  Time since last request: 9.172581 seconds.
  path: Assets/Animations/Project Two/Character Animations/Jump/Directional/Test/Right/Jump_RIGHT 2.FBX
  artifactKey: Guid(90e242bd6400e3643961556c97bdea08) Importer(815301076,1909f56bfc062723c751e8b465ee728b)
Start importing Assets/Animations/Project Two/Character Animations/Jump/Directional/Test/Right/Jump_RIGHT 2.FBX using Guid(90e242bd6400e3643961556c97bdea08) Importer(815301076,1909f56bfc062723c751e8b465ee728b)  -> (artifact id: '06b86ce8b6900b9055f2514a38d01571') in 0.039399 seconds 
  Import took 0.043904 seconds .

========================================================================
Received Import Request.
  Time since last request: 0.001150 seconds.
  path: Assets/Animations/Project Two/Character Animations/Jump/Directional/Test/Right/Jump_RIGHT 2.FBX
  artifactKey: Guid(90e242bd6400e3643961556c97bdea08) Importer(815301076,1909f56bfc062723c751e8b465ee728b)
Start importing Assets/Animations/Project Two/Character Animations/Jump/Directional/Test/Right/Jump_RIGHT 2.FBX using Guid(90e242bd6400e3643961556c97bdea08) Importer(815301076,1909f56bfc062723c751e8b465ee728b)  -> (artifact id: '06b86ce8b6900b9055f2514a38d01571') in 0.044456 seconds 
  Import took 0.049895 seconds .

========================================================================
Received Import Request.
  Time since last request: 5.704567 seconds.
  path: Assets/Animations/Project Two/Character Animations/Jump/Directional/Test/Right/End.FBX
  artifactKey: Guid(90e242bd6400e3643961556c97bdea08) Importer(815301076,1909f56bfc062723c751e8b465ee728b)
Start importing Assets/Animations/Project Two/Character Animations/Jump/Directional/Test/Right/End.FBX using Guid(90e242bd6400e3643961556c97bdea08) Importer(815301076,1909f56bfc062723c751e8b465ee728b)  -> (artifact id: 'abb22e218ca769644593d5f583ed4e93') in 0.041724 seconds 
  Import took 0.047454 seconds .

========================================================================
Received Import Request.
  Time since last request: 20.876436 seconds.
  path: Assets/Animations/Project Two/Character Animations/Jump/Directional/Test/Right/End.FBX
  artifactKey: Guid(90e242bd6400e3643961556c97bdea08) Importer(815301076,1909f56bfc062723c751e8b465ee728b)
Start importing Assets/Animations/Project Two/Character Animations/Jump/Directional/Test/Right/End.FBX using Guid(90e242bd6400e3643961556c97bdea08) Importer(815301076,1909f56bfc062723c751e8b465ee728b)  -> (artifact id: '7eb91139cc089308337ab4c8ca8a6b4f') in 0.041497 seconds 
  Import took 0.047727 seconds .

========================================================================
Received Import Request.
  Time since last request: 64.933948 seconds.
  path: Assets/Animations/Project Two/Character Animations/Jump/Directional/Test/Right/Jump_Right_Start.anim
  artifactKey: Guid(59b6527a4e1eabe4d92f4cc1b4a012f6) Importer(815301076,1909f56bfc062723c751e8b465ee728b)
Start importing Assets/Animations/Project Two/Character Animations/Jump/Directional/Test/Right/Jump_Right_Start.anim using Guid(59b6527a4e1eabe4d92f4cc1b4a012f6) Importer(815301076,1909f56bfc062723c751e8b465ee728b)  -> (artifact id: '186dfe5d8c7a026336fed8392b67c8ae') in 0.015158 seconds 
  Import took 0.019787 seconds .

========================================================================
Received Import Request.
  Time since last request: 0.000873 seconds.
  path: Assets/Animations/Project Two/Character Animations/Jump/Directional/Test/Right/Jump_Right_Start.anim
  artifactKey: Guid(59b6527a4e1eabe4d92f4cc1b4a012f6) Importer(815301076,1909f56bfc062723c751e8b465ee728b)
Start importing Assets/Animations/Project Two/Character Animations/Jump/Directional/Test/Right/Jump_Right_Start.anim using Guid(59b6527a4e1eabe4d92f4cc1b4a012f6) Importer(815301076,1909f56bfc062723c751e8b465ee728b)  -> (artifact id: '186dfe5d8c7a026336fed8392b67c8ae') in 0.009917 seconds 
  Import took 0.014656 seconds .

========================================================================
Received Import Request.
  Time since last request: 141.741725 seconds.
  path: Assets/Animations/Project Two/CharacterAnimationController.controller
  artifactKey: Guid(8877bc40b6b9c2b4a85109d8826226ab) Importer(815301076,1909f56bfc062723c751e8b465ee728b)
Start importing Assets/Animations/Project Two/CharacterAnimationController.controller using Guid(8877bc40b6b9c2b4a85109d8826226ab) Importer(815301076,1909f56bfc062723c751e8b465ee728b)  -> (artifact id: 'bd8e25ff8627442da0946593da43e65f') in 0.055632 seconds 
  Import took 0.062873 seconds .

AssetImportWorkerClient::OnTransportError - code=2 error=End of file
