Using pre-set license
Built from '2020.3/staging' branch; Version is '2020.3.14f1 (d0d1bb862f9d) revision 13685179'; Using compiler version '192528614'; Build Type 'Release'
OS: 'Windows 10 Home; OS build 19042.1165; Version 2009; 64bit' Language: 'en' Physical Memory: 16169 MB
BatchMode: 1, IsHumanControllingUs: 0, StartBugReporterOnCrash: 0, Is64bit: 1, IsPro: 0

 COMMAND LINE ARGUMENTS:
C:\Program Files\Unity\2020.3.14f1\Editor\Unity.exe
-adb2
-batchMode
-noUpm
-name
AssetImportWorker0
-projectPath
C:/Users/ajbar/Desktop/CharacterController/Unity-CharacterController
-logFile
Logs/AssetImportWorker0.log
-srvPort
60410
Successfully changed project path to: C:/Users/ajbar/Desktop/CharacterController/Unity-CharacterController
C:/Users/ajbar/Desktop/CharacterController/Unity-CharacterController
Using Asset Import Pipeline V2.
Refreshing native plugins compatible for Editor in 55.01 ms, found 2 plugins.
Preloading 0 native plugins for Editor in 0.00 ms.
Initialize engine version: 2020.3.14f1 (d0d1bb862f9d)
[Subsystems] Discovering subsystems at path C:/Program Files/Unity/2020.3.14f1/Editor/Data/Resources/UnitySubsystems
[Subsystems] Discovering subsystems at path C:/Users/ajbar/Desktop/CharacterController/Unity-CharacterController/Assets
GfxDevice: creating device client; threaded=0
Direct3D:
    Version:  Direct3D 11.0 [level 11.1]
    Renderer: NVIDIA GeForce RTX 2060 (ID=0x1f15)
    Vendor:   
    VRAM:     5980 MB
    Driver:   27.21.14.6089
Initialize mono
Mono path[0] = 'C:/Program Files/Unity/2020.3.14f1/Editor/Data/Managed'
Mono path[1] = 'C:/Program Files/Unity/2020.3.14f1/Editor/Data/MonoBleedingEdge/lib/mono/unityjit'
Mono config path = 'C:/Program Files/Unity/2020.3.14f1/Editor/Data/MonoBleedingEdge/etc'
Using monoOptions --debugger-agent=transport=dt_socket,embedding=1,server=y,suspend=n,address=127.0.0.1:56572
Begin MonoManager ReloadAssembly
Registering precompiled unity dll's ...
Register platform support module: C:/Program Files/Unity/2020.3.14f1/Editor/Data/PlaybackEngines/WindowsStandaloneSupport/UnityEditor.WindowsStandalone.Extensions.dll
Registered in 0.002859 seconds.
Native extension for WindowsStandalone target not found
Refreshing native plugins compatible for Editor in 50.38 ms, found 2 plugins.
Preloading 0 native plugins for Editor in 0.00 ms.
Mono: successfully reloaded assembly
- Completed reload, in  1.325 seconds
Domain Reload Profiling:
	ReloadAssembly (1326ms)
		BeginReloadAssembly (89ms)
			ExecutionOrderSort (0ms)
			DisableScriptedObjects (0ms)
			BackupInstance (0ms)
			ReleaseScriptingObjects (0ms)
			CreateAndSetChildDomain (1ms)
		EndReloadAssembly (568ms)
			LoadAssemblies (86ms)
			RebuildTransferFunctionScriptingTraits (0ms)
			SetupTypeCache (200ms)
			ReleaseScriptCaches (0ms)
			RebuildScriptCaches (36ms)
			SetupLoadedEditorAssemblies (238ms)
				LogAssemblyErrors (0ms)
				InitializePlatformSupportModulesInManaged (5ms)
				SetLoadedEditorAssemblies (0ms)
				RefreshPlugins (50ms)
				BeforeProcessingInitializeOnLoad (13ms)
				ProcessInitializeOnLoadAttributes (117ms)
				ProcessInitializeOnLoadMethodAttributes (52ms)
				AfterProcessingInitializeOnLoad (0ms)
				EditorAssembliesLoaded (0ms)
			ExecutionOrderSort2 (0ms)
			AwakeInstancesAfterBackupRestoration (0ms)
Platform modules already initialized, skipping
Registering precompiled user dll's ...
Registered in 0.008592 seconds.
Begin MonoManager ReloadAssembly
Native extension for WindowsStandalone target not found
Refreshing native plugins compatible for Editor in 44.52 ms, found 2 plugins.
Preloading 0 native plugins for Editor in 0.00 ms.
Mono: successfully reloaded assembly
- Completed reload, in  2.193 seconds
Domain Reload Profiling:
	ReloadAssembly (2194ms)
		BeginReloadAssembly (178ms)
			ExecutionOrderSort (0ms)
			DisableScriptedObjects (6ms)
			BackupInstance (0ms)
			ReleaseScriptingObjects (0ms)
			CreateAndSetChildDomain (23ms)
		EndReloadAssembly (1934ms)
			LoadAssemblies (103ms)
			RebuildTransferFunctionScriptingTraits (0ms)
			SetupTypeCache (379ms)
			ReleaseScriptCaches (1ms)
			RebuildScriptCaches (62ms)
			SetupLoadedEditorAssemblies (1245ms)
				LogAssemblyErrors (0ms)
				InitializePlatformSupportModulesInManaged (4ms)
				SetLoadedEditorAssemblies (0ms)
				RefreshPlugins (45ms)
				BeforeProcessingInitializeOnLoad (105ms)
				ProcessInitializeOnLoadAttributes (1078ms)
				ProcessInitializeOnLoadMethodAttributes (5ms)
				AfterProcessingInitializeOnLoad (8ms)
				EditorAssembliesLoaded (0ms)
			ExecutionOrderSort2 (0ms)
			AwakeInstancesAfterBackupRestoration (7ms)
Platform modules already initialized, skipping
========================================================================
Worker process is ready to serve import requests
Launched and connected shader compiler UnityShaderCompiler.exe after 0.05 seconds
Refreshing native plugins compatible for Editor in 0.63 ms, found 2 plugins.
Preloading 0 native plugins for Editor in 0.00 ms.
Unloading 2220 Unused Serialized files (Serialized files now loaded: 0)
System memory in use before: 99.5 MB.
System memory in use after: 99.6 MB.

Unloading 22 unused Assets to reduce memory usage. Loaded Objects now: 2655.
Total: 4.253000 ms (FindLiveObjects: 0.354400 ms CreateObjectMapping: 0.284300 ms MarkObjects: 3.523500 ms  DeleteObjects: 0.088700 ms)

AssetImportParameters requested are different than current active one (requested -> active):
  custom:framework-win-MediaFoundation: 216162199b28c13a410421893ffa2e32 -> 
  custom:video-decoder-ogg-theora: a1e56fd34408186e4bbccfd4996cb3dc -> 
  custom:container-muxer-webm: aa71ff27fc2769a1b78a27578f13a17b -> 
  custom:container-demuxer-webm: 4f35f7cbe854078d1ac9338744f61a02 -> 
  custom:container-demuxer-ogg: 62fdf1f143b41e24485cea50d1cbac27 -> 
  custom:video-encoder-webm-vp8: eb34c28f22e8b96e1ab97ce403110664 -> 
  custom:video-codec-MediaFoundation-h265: 746d11721c4dcdbdad8f713fa42b33f4 -> 
  custom:video-decoder-webm-vp8: 9c59270c3fd7afecdb556c50c9e8de78 -> 
  custom:audio-decoder-ogg-vorbis: bf7c407c2cedff20999df2af8eb42d56 -> 
  custom:audio-encoder-webm-vorbis: bf7c407c2cedff20999df2af8eb42d56 -> 
========================================================================
Received Import Request.
  path: Assets/Animations/Controller/New Animator Controller.controller
  artifactKey: Guid(599ac26d6a32ddb4ca3bd6efd632b49f) Importer(815301076,1909f56bfc062723c751e8b465ee728b)
Start importing Assets/Animations/Controller/New Animator Controller.controller using Guid(599ac26d6a32ddb4ca3bd6efd632b49f) Importer(815301076,1909f56bfc062723c751e8b465ee728b)  -> (artifact id: 'acbaf6a3d414715fbbb93a853947f2c9') in 0.344430 seconds 
  Import took 0.349923 seconds .

========================================================================
Received Import Request.
  Time since last request: 17.768853 seconds.
  path: Assets/Animations
  artifactKey: Guid(df42dcc1fca8ec24d829f85acdb9521b) Importer(815301076,1909f56bfc062723c751e8b465ee728b)
Start importing Assets/Animations using Guid(df42dcc1fca8ec24d829f85acdb9521b) Importer(815301076,1909f56bfc062723c751e8b465ee728b)  -> (artifact id: 'bd6ac1934bc42b550beb9d2e1ea08ff8') in 0.006619 seconds 
  Import took 0.010586 seconds .

========================================================================
Received Import Request.
  Time since last request: 0.001574 seconds.
  path: Assets/Animations
  artifactKey: Guid(df42dcc1fca8ec24d829f85acdb9521b) Importer(815301076,1909f56bfc062723c751e8b465ee728b)
Start importing Assets/Animations using Guid(df42dcc1fca8ec24d829f85acdb9521b) Importer(815301076,1909f56bfc062723c751e8b465ee728b)  -> (artifact id: 'bd6ac1934bc42b550beb9d2e1ea08ff8') in 0.002186 seconds 
  Import took 0.005793 seconds .

========================================================================
Received Prepare
Refreshing native plugins compatible for Editor in 3.43 ms, found 2 plugins.
Preloading 0 native plugins for Editor in 0.00 ms.
Unloading 12 Unused Serialized files (Serialized files now loaded: 0)
System memory in use before: 55.4 MB.
System memory in use after: 55.6 MB.

Unloading 12 unused Assets to reduce memory usage. Loaded Objects now: 2655.
Total: 4.094200 ms (FindLiveObjects: 0.221700 ms CreateObjectMapping: 0.095800 ms MarkObjects: 3.757600 ms  DeleteObjects: 0.018200 ms)

AssetImportParameters requested are different than current active one (requested -> active):
  custom:framework-win-MediaFoundation: 216162199b28c13a410421893ffa2e32 -> 
  custom:video-decoder-ogg-theora: a1e56fd34408186e4bbccfd4996cb3dc -> 
  custom:container-muxer-webm: aa71ff27fc2769a1b78a27578f13a17b -> 
  custom:container-demuxer-webm: 4f35f7cbe854078d1ac9338744f61a02 -> 
  custom:container-demuxer-ogg: 62fdf1f143b41e24485cea50d1cbac27 -> 
  custom:video-encoder-webm-vp8: eb34c28f22e8b96e1ab97ce403110664 -> 
  custom:video-codec-MediaFoundation-h265: 746d11721c4dcdbdad8f713fa42b33f4 -> 
  custom:video-decoder-webm-vp8: 9c59270c3fd7afecdb556c50c9e8de78 -> 
  custom:audio-decoder-ogg-vorbis: bf7c407c2cedff20999df2af8eb42d56 -> 
  custom:audio-encoder-webm-vorbis: bf7c407c2cedff20999df2af8eb42d56 -> 
========================================================================
Received Import Request.
  Time since last request: 17.459759 seconds.
  path: Assets/Animations/Project One
  artifactKey: Guid(2e0c580819b34b8419ff784450031baa) Importer(815301076,1909f56bfc062723c751e8b465ee728b)
Start importing Assets/Animations/Project One using Guid(2e0c580819b34b8419ff784450031baa) Importer(815301076,1909f56bfc062723c751e8b465ee728b)  -> (artifact id: '3737f0fc4eca92e69547b93838c201fb') in 0.007342 seconds 
  Import took 0.011714 seconds .

========================================================================
Received Import Request.
  Time since last request: 1.794459 seconds.
  path: Assets/Animations/Miximo
  artifactKey: Guid(5c7d1fe2e091ae44f90834aaa4cdae0a) Importer(815301076,1909f56bfc062723c751e8b465ee728b)
Start importing Assets/Animations/Miximo using Guid(5c7d1fe2e091ae44f90834aaa4cdae0a) Importer(815301076,1909f56bfc062723c751e8b465ee728b)  -> (artifact id: '5a37eefaf96aee4848639add7fa29dfb') in 0.011328 seconds 
  Import took 0.015043 seconds .

========================================================================
Received Import Request.
  Time since last request: 0.674365 seconds.
  path: Assets/Animations/_NEW
  artifactKey: Guid(314d4d6badbb23146999d3ac52669019) Importer(815301076,1909f56bfc062723c751e8b465ee728b)
Start importing Assets/Animations/_NEW using Guid(314d4d6badbb23146999d3ac52669019) Importer(815301076,1909f56bfc062723c751e8b465ee728b)  -> (artifact id: '68a19e03c1fc55eb77d26cbbd667bf22') in 0.006550 seconds 
  Import took 0.010638 seconds .

========================================================================
Received Prepare
Registering precompiled user dll's ...
Registered in 0.004477 seconds.
Begin MonoManager ReloadAssembly
Native extension for WindowsStandalone target not found
Refreshing native plugins compatible for Editor in 0.44 ms, found 2 plugins.
Preloading 0 native plugins for Editor in 0.00 ms.
Mono: successfully reloaded assembly
- Completed reload, in  1.311 seconds
Domain Reload Profiling:
	ReloadAssembly (1312ms)
		BeginReloadAssembly (120ms)
			ExecutionOrderSort (0ms)
			DisableScriptedObjects (5ms)
			BackupInstance (0ms)
			ReleaseScriptingObjects (0ms)
			CreateAndSetChildDomain (40ms)
		EndReloadAssembly (1122ms)
			LoadAssemblies (98ms)
			RebuildTransferFunctionScriptingTraits (0ms)
			SetupTypeCache (379ms)
			ReleaseScriptCaches (1ms)
			RebuildScriptCaches (44ms)
			SetupLoadedEditorAssemblies (480ms)
				LogAssemblyErrors (0ms)
				InitializePlatformSupportModulesInManaged (5ms)
				SetLoadedEditorAssemblies (1ms)
				RefreshPlugins (1ms)
				BeforeProcessingInitializeOnLoad (101ms)
				ProcessInitializeOnLoadAttributes (361ms)
				ProcessInitializeOnLoadMethodAttributes (4ms)
				AfterProcessingInitializeOnLoad (7ms)
				EditorAssembliesLoaded (0ms)
			ExecutionOrderSort2 (0ms)
			AwakeInstancesAfterBackupRestoration (7ms)
Platform modules already initialized, skipping
Refreshing native plugins compatible for Editor in 0.51 ms, found 2 plugins.
Preloading 0 native plugins for Editor in 0.00 ms.
Unloading 2210 Unused Serialized files (Serialized files now loaded: 0)
System memory in use before: 99.2 MB.
System memory in use after: 99.4 MB.

Unloading 15 unused Assets to reduce memory usage. Loaded Objects now: 2658.
Total: 3.534200 ms (FindLiveObjects: 0.211500 ms CreateObjectMapping: 0.099000 ms MarkObjects: 3.202500 ms  DeleteObjects: 0.019600 ms)

AssetImportParameters requested are different than current active one (requested -> active):
  custom:framework-win-MediaFoundation: 216162199b28c13a410421893ffa2e32 -> 
  custom:video-decoder-ogg-theora: a1e56fd34408186e4bbccfd4996cb3dc -> 
  custom:container-muxer-webm: aa71ff27fc2769a1b78a27578f13a17b -> 
  custom:container-demuxer-webm: 4f35f7cbe854078d1ac9338744f61a02 -> 
  custom:container-demuxer-ogg: 62fdf1f143b41e24485cea50d1cbac27 -> 
  custom:video-encoder-webm-vp8: eb34c28f22e8b96e1ab97ce403110664 -> 
  custom:video-codec-MediaFoundation-h265: 746d11721c4dcdbdad8f713fa42b33f4 -> 
  custom:video-decoder-webm-vp8: 9c59270c3fd7afecdb556c50c9e8de78 -> 
  custom:audio-decoder-ogg-vorbis: bf7c407c2cedff20999df2af8eb42d56 -> 
  custom:audio-encoder-webm-vorbis: bf7c407c2cedff20999df2af8eb42d56 -> 
========================================================================
Received Import Request.
  Time since last request: 6.777025 seconds.
  path: Assets/Animations/Retarget
  artifactKey: Guid(ba4c8cefe267354418e842bb989b998d) Importer(815301076,1909f56bfc062723c751e8b465ee728b)
Start importing Assets/Animations/Retarget using Guid(ba4c8cefe267354418e842bb989b998d) Importer(815301076,1909f56bfc062723c751e8b465ee728b)  -> (artifact id: '30452bcff1c10610c4a596924fdf4a0c') in 0.010477 seconds 
  Import took 0.014545 seconds .

========================================================================
Received Import Request.
  Time since last request: 0.000262 seconds.
  path: Assets/Animations/WalkRight.anim
  artifactKey: Guid(6c9669dcaa82ab046a82689f04d4fff5) Importer(815301076,1909f56bfc062723c751e8b465ee728b)
Start importing Assets/Animations/WalkRight.anim using Guid(6c9669dcaa82ab046a82689f04d4fff5) Importer(815301076,1909f56bfc062723c751e8b465ee728b)  -> (artifact id: 'd797cef152de0674bb069ccd18f5320a') in 0.021360 seconds 
  Import took 0.026209 seconds .

========================================================================
Received Import Request.
  Time since last request: 4.740606 seconds.
  path: Assets/Materials/MAT_Floor.mat
  artifactKey: Guid(96652d690f497794998d0190ab3e673d) Importer(815301076,1909f56bfc062723c751e8b465ee728b)
Start importing Assets/Materials/MAT_Floor.mat using Guid(96652d690f497794998d0190ab3e673d) Importer(815301076,1909f56bfc062723c751e8b465ee728b)  -> (artifact id: '2b1abc59d4c3e9c01cfce0578ee3f3cc') in 0.370207 seconds 
  Import took 0.373930 seconds .

========================================================================
Received Import Request.
  Time since last request: 0.000187 seconds.
  path: Assets/Materials/MAT_FloorBump.mat
  artifactKey: Guid(cddc7ce338ca22249a8c6696fda0419f) Importer(815301076,1909f56bfc062723c751e8b465ee728b)
Start importing Assets/Materials/MAT_FloorBump.mat using Guid(cddc7ce338ca22249a8c6696fda0419f) Importer(815301076,1909f56bfc062723c751e8b465ee728b)  -> (artifact id: 'a58a7d20f111cb45888684b59f08df6d') in 0.017642 seconds 
  Import took 0.021462 seconds .

========================================================================
Received Import Request.
  Time since last request: 0.004725 seconds.
  path: Assets/Materials/MAT_FloorBump.mat
  artifactKey: Guid(cddc7ce338ca22249a8c6696fda0419f) Importer(815301076,1909f56bfc062723c751e8b465ee728b)
Start importing Assets/Materials/MAT_FloorBump.mat using Guid(cddc7ce338ca22249a8c6696fda0419f) Importer(815301076,1909f56bfc062723c751e8b465ee728b)  -> (artifact id: 'a58a7d20f111cb45888684b59f08df6d') in 0.013074 seconds 
  Import took 0.016907 seconds .

========================================================================
Received Import Request.
  Time since last request: 9.395750 seconds.
  path: Assets/Materials/Project One
  artifactKey: Guid(17c5fda0e3642eb40ac30ef1f97f352e) Importer(815301076,1909f56bfc062723c751e8b465ee728b)
Start importing Assets/Materials/Project One using Guid(17c5fda0e3642eb40ac30ef1f97f352e) Importer(815301076,1909f56bfc062723c751e8b465ee728b)  -> (artifact id: '2e48a8b7dcf946fc089eacafdaab80c8') in 0.002254 seconds 
  Import took 0.006115 seconds .

========================================================================
Received Import Request.
  Time since last request: 3.784542 seconds.
  path: Assets/Prefabs/Player.prefab
  artifactKey: Guid(d5f68e301dc19bc4f8f21bf4817399a1) Importer(815301076,1909f56bfc062723c751e8b465ee728b)
Start importing Assets/Prefabs/Player.prefab using Guid(d5f68e301dc19bc4f8f21bf4817399a1) Importer(815301076,1909f56bfc062723c751e8b465ee728b)  -> (artifact id: 'adf348ff5f21428181b11032d0e3b647') in 0.389733 seconds 
  Import took 0.395231 seconds .

========================================================================
Received Import Request.
  Time since last request: 0.323313 seconds.
  path: Assets/Prefabs
  artifactKey: Guid(69c0524ca73605241b13e59b70152b27) Importer(815301076,1909f56bfc062723c751e8b465ee728b)
Start importing Assets/Prefabs using Guid(69c0524ca73605241b13e59b70152b27) Importer(815301076,1909f56bfc062723c751e8b465ee728b)  -> (artifact id: '19ef9285818539c80c0a192faaf4f646') in 0.007203 seconds 
  Import took 0.011185 seconds .

========================================================================
Received Import Request.
  Time since last request: 8.436106 seconds.
  path: Assets/Prefabs/Project One
  artifactKey: Guid(cd560398894b1f849ba2f173135fadeb) Importer(815301076,1909f56bfc062723c751e8b465ee728b)
Start importing Assets/Prefabs/Project One using Guid(cd560398894b1f849ba2f173135fadeb) Importer(815301076,1909f56bfc062723c751e8b465ee728b)  -> (artifact id: '6d8e28a6b697936c185e4c13f757ce40') in 0.002421 seconds 
  Import took 0.006494 seconds .

========================================================================
Received Import Request.
  Time since last request: 5.013114 seconds.
  path: Assets/Scenes/SampleScene.unity
  artifactKey: Guid(9fc0d4010bbf28b4594072e72b8655ab) Importer(815301076,1909f56bfc062723c751e8b465ee728b)
Start importing Assets/Scenes/SampleScene.unity using Guid(9fc0d4010bbf28b4594072e72b8655ab) Importer(815301076,1909f56bfc062723c751e8b465ee728b)  -> (artifact id: '91cd22ac63e3ea9e3d40475fa2f11d87') in 0.006635 seconds 
  Import took 0.010546 seconds .

========================================================================
Received Import Request.
  Time since last request: 0.000606 seconds.
  path: Assets/Scenes/SampleScene.unity
  artifactKey: Guid(9fc0d4010bbf28b4594072e72b8655ab) Importer(815301076,1909f56bfc062723c751e8b465ee728b)
Start importing Assets/Scenes/SampleScene.unity using Guid(9fc0d4010bbf28b4594072e72b8655ab) Importer(815301076,1909f56bfc062723c751e8b465ee728b)  -> (artifact id: '91cd22ac63e3ea9e3d40475fa2f11d87') in 0.002440 seconds 
  Import took 0.006706 seconds .

========================================================================
Received Import Request.
  Time since last request: 19.320480 seconds.
  path: Assets/Scenes/Project_One.unity
  artifactKey: Guid(9fc0d4010bbf28b4594072e72b8655ab) Importer(815301076,1909f56bfc062723c751e8b465ee728b)
Start importing Assets/Scenes/Project_One.unity using Guid(9fc0d4010bbf28b4594072e72b8655ab) Importer(815301076,1909f56bfc062723c751e8b465ee728b)  -> (artifact id: '6c94ffce688eab986312047d3231781c') in 0.007390 seconds 
  Import took 0.011441 seconds .

========================================================================
Received Import Request.
  Time since last request: 2.082510 seconds.
  path: Assets/Scripts
  artifactKey: Guid(5d7cb2ec0107cc04cb0d9790f39af48d) Importer(815301076,1909f56bfc062723c751e8b465ee728b)
Start importing Assets/Scripts using Guid(5d7cb2ec0107cc04cb0d9790f39af48d) Importer(815301076,1909f56bfc062723c751e8b465ee728b)  -> (artifact id: '8c52022b706d8aae012a4aea70793592') in 0.006143 seconds 
  Import took 0.009942 seconds .

========================================================================
Received Import Request.
  Time since last request: 8.411181 seconds.
  path: Assets/Scripts/Project One
  artifactKey: Guid(b0d2a9f09d9722d468ba6c9d2ed62403) Importer(815301076,1909f56bfc062723c751e8b465ee728b)
Start importing Assets/Scripts/Project One using Guid(b0d2a9f09d9722d468ba6c9d2ed62403) Importer(815301076,1909f56bfc062723c751e8b465ee728b)  -> (artifact id: 'aae6d13a58c19bb91bdd6df979784f36') in 0.002516 seconds 
  Import took 0.006400 seconds .

========================================================================
Received Import Request.
  Time since last request: 1.011296 seconds.
  path: Assets/Scripts/PlayerCharacter.cs
  artifactKey: Guid(3241b7c3c33ab7c4b8a079bae53df691) Importer(815301076,1909f56bfc062723c751e8b465ee728b)
Start importing Assets/Scripts/PlayerCharacter.cs using Guid(3241b7c3c33ab7c4b8a079bae53df691) Importer(815301076,1909f56bfc062723c751e8b465ee728b)  -> (artifact id: '54114b132a990ccd36db8b36553d187e') in 0.009850 seconds 
  Import took 0.014650 seconds .

========================================================================
Received Import Request.
  Time since last request: 0.000413 seconds.
  path: Assets/Scripts/PlayerCharacter.cs
  artifactKey: Guid(3241b7c3c33ab7c4b8a079bae53df691) Importer(815301076,1909f56bfc062723c751e8b465ee728b)
Start importing Assets/Scripts/PlayerCharacter.cs using Guid(3241b7c3c33ab7c4b8a079bae53df691) Importer(815301076,1909f56bfc062723c751e8b465ee728b)  -> (artifact id: '54114b132a990ccd36db8b36553d187e') in 0.003419 seconds 
  Import took 0.009378 seconds .

========================================================================
Received Import Request.
  Time since last request: 0.263499 seconds.
  path: Assets/Scripts/PlayerCamera.cs
  artifactKey: Guid(b7814ac2b5daada439ad67e410dc27ef) Importer(815301076,1909f56bfc062723c751e8b465ee728b)
Start importing Assets/Scripts/PlayerCamera.cs using Guid(b7814ac2b5daada439ad67e410dc27ef) Importer(815301076,1909f56bfc062723c751e8b465ee728b)  -> (artifact id: 'a9b0942d92d0ab6c1957e860c9d184e3') in 0.005840 seconds 
  Import took 0.009672 seconds .

========================================================================
Received Prepare
Registering precompiled user dll's ...
Registered in 0.005132 seconds.
Begin MonoManager ReloadAssembly
Native extension for WindowsStandalone target not found
Refreshing native plugins compatible for Editor in 0.44 ms, found 2 plugins.
Preloading 0 native plugins for Editor in 0.00 ms.
Mono: successfully reloaded assembly
- Completed reload, in  1.286 seconds
Domain Reload Profiling:
	ReloadAssembly (1286ms)
		BeginReloadAssembly (119ms)
			ExecutionOrderSort (0ms)
			DisableScriptedObjects (4ms)
			BackupInstance (0ms)
			ReleaseScriptingObjects (0ms)
			CreateAndSetChildDomain (39ms)
		EndReloadAssembly (1093ms)
			LoadAssemblies (101ms)
			RebuildTransferFunctionScriptingTraits (0ms)
			SetupTypeCache (354ms)
			ReleaseScriptCaches (1ms)
			RebuildScriptCaches (46ms)
			SetupLoadedEditorAssemblies (473ms)
				LogAssemblyErrors (0ms)
				InitializePlatformSupportModulesInManaged (5ms)
				SetLoadedEditorAssemblies (0ms)
				RefreshPlugins (1ms)
				BeforeProcessingInitializeOnLoad (103ms)
				ProcessInitializeOnLoadAttributes (353ms)
				ProcessInitializeOnLoadMethodAttributes (4ms)
				AfterProcessingInitializeOnLoad (7ms)
				EditorAssembliesLoaded (0ms)
			ExecutionOrderSort2 (0ms)
			AwakeInstancesAfterBackupRestoration (6ms)
Platform modules already initialized, skipping
Refreshing native plugins compatible for Editor in 0.43 ms, found 2 plugins.
Preloading 0 native plugins for Editor in 0.00 ms.
Unloading 2210 Unused Serialized files (Serialized files now loaded: 0)
System memory in use before: 116.2 MB.
System memory in use after: 116.4 MB.

Unloading 15 unused Assets to reduce memory usage. Loaded Objects now: 2702.
Total: 2.640600 ms (FindLiveObjects: 0.220300 ms CreateObjectMapping: 0.109900 ms MarkObjects: 2.289100 ms  DeleteObjects: 0.019800 ms)

AssetImportParameters requested are different than current active one (requested -> active):
  custom:framework-win-MediaFoundation: 216162199b28c13a410421893ffa2e32 -> 
  custom:video-decoder-ogg-theora: a1e56fd34408186e4bbccfd4996cb3dc -> 
  custom:container-muxer-webm: aa71ff27fc2769a1b78a27578f13a17b -> 
  custom:container-demuxer-webm: 4f35f7cbe854078d1ac9338744f61a02 -> 
  custom:container-demuxer-ogg: 62fdf1f143b41e24485cea50d1cbac27 -> 
  custom:video-encoder-webm-vp8: eb34c28f22e8b96e1ab97ce403110664 -> 
  custom:video-codec-MediaFoundation-h265: 746d11721c4dcdbdad8f713fa42b33f4 -> 
  custom:video-decoder-webm-vp8: 9c59270c3fd7afecdb556c50c9e8de78 -> 
  custom:audio-decoder-ogg-vorbis: bf7c407c2cedff20999df2af8eb42d56 -> 
  custom:audio-encoder-webm-vorbis: bf7c407c2cedff20999df2af8eb42d56 -> 
========================================================================
Received Prepare
Registering precompiled user dll's ...
Registered in 0.004186 seconds.
Begin MonoManager ReloadAssembly
Native extension for WindowsStandalone target not found
Refreshing native plugins compatible for Editor in 0.52 ms, found 2 plugins.
Preloading 0 native plugins for Editor in 0.00 ms.
Mono: successfully reloaded assembly
- Completed reload, in  1.222 seconds
Domain Reload Profiling:
	ReloadAssembly (1223ms)
		BeginReloadAssembly (111ms)
			ExecutionOrderSort (0ms)
			DisableScriptedObjects (6ms)
			BackupInstance (0ms)
			ReleaseScriptingObjects (0ms)
			CreateAndSetChildDomain (34ms)
		EndReloadAssembly (1033ms)
			LoadAssemblies (95ms)
			RebuildTransferFunctionScriptingTraits (0ms)
			SetupTypeCache (315ms)
			ReleaseScriptCaches (1ms)
			RebuildScriptCaches (41ms)
			SetupLoadedEditorAssemblies (464ms)
				LogAssemblyErrors (0ms)
				InitializePlatformSupportModulesInManaged (5ms)
				SetLoadedEditorAssemblies (1ms)
				RefreshPlugins (1ms)
				BeforeProcessingInitializeOnLoad (101ms)
				ProcessInitializeOnLoadAttributes (346ms)
				ProcessInitializeOnLoadMethodAttributes (4ms)
				AfterProcessingInitializeOnLoad (7ms)
				EditorAssembliesLoaded (0ms)
			ExecutionOrderSort2 (0ms)
			AwakeInstancesAfterBackupRestoration (6ms)
Platform modules already initialized, skipping
Refreshing native plugins compatible for Editor in 0.44 ms, found 2 plugins.
Preloading 0 native plugins for Editor in 0.00 ms.
Unloading 2210 Unused Serialized files (Serialized files now loaded: 0)
System memory in use before: 116.3 MB.
System memory in use after: 116.4 MB.

Unloading 15 unused Assets to reduce memory usage. Loaded Objects now: 2705.
Total: 3.708600 ms (FindLiveObjects: 0.233500 ms CreateObjectMapping: 0.103800 ms MarkObjects: 3.346800 ms  DeleteObjects: 0.022800 ms)

AssetImportParameters requested are different than current active one (requested -> active):
  custom:framework-win-MediaFoundation: 216162199b28c13a410421893ffa2e32 -> 
  custom:video-decoder-ogg-theora: a1e56fd34408186e4bbccfd4996cb3dc -> 
  custom:container-muxer-webm: aa71ff27fc2769a1b78a27578f13a17b -> 
  custom:container-demuxer-webm: 4f35f7cbe854078d1ac9338744f61a02 -> 
  custom:container-demuxer-ogg: 62fdf1f143b41e24485cea50d1cbac27 -> 
  custom:video-encoder-webm-vp8: eb34c28f22e8b96e1ab97ce403110664 -> 
  custom:video-codec-MediaFoundation-h265: 746d11721c4dcdbdad8f713fa42b33f4 -> 
  custom:video-decoder-webm-vp8: 9c59270c3fd7afecdb556c50c9e8de78 -> 
  custom:audio-decoder-ogg-vorbis: bf7c407c2cedff20999df2af8eb42d56 -> 
  custom:audio-encoder-webm-vorbis: bf7c407c2cedff20999df2af8eb42d56 -> 
========================================================================
Received Prepare
Registering precompiled user dll's ...
Registered in 0.004534 seconds.
Begin MonoManager ReloadAssembly
Native extension for WindowsStandalone target not found
Refreshing native plugins compatible for Editor in 0.43 ms, found 2 plugins.
Preloading 0 native plugins for Editor in 0.00 ms.
Mono: successfully reloaded assembly
- Completed reload, in  1.240 seconds
Domain Reload Profiling:
	ReloadAssembly (1240ms)
		BeginReloadAssembly (118ms)
			ExecutionOrderSort (0ms)
			DisableScriptedObjects (5ms)
			BackupInstance (0ms)
			ReleaseScriptingObjects (0ms)
			CreateAndSetChildDomain (42ms)
		EndReloadAssembly (1050ms)
			LoadAssemblies (96ms)
			RebuildTransferFunctionScriptingTraits (0ms)
			SetupTypeCache (326ms)
			ReleaseScriptCaches (1ms)
			RebuildScriptCaches (42ms)
			SetupLoadedEditorAssemblies (469ms)
				LogAssemblyErrors (0ms)
				InitializePlatformSupportModulesInManaged (5ms)
				SetLoadedEditorAssemblies (0ms)
				RefreshPlugins (0ms)
				BeforeProcessingInitializeOnLoad (99ms)
				ProcessInitializeOnLoadAttributes (353ms)
				ProcessInitializeOnLoadMethodAttributes (4ms)
				AfterProcessingInitializeOnLoad (7ms)
				EditorAssembliesLoaded (0ms)
			ExecutionOrderSort2 (0ms)
			AwakeInstancesAfterBackupRestoration (6ms)
Platform modules already initialized, skipping
Refreshing native plugins compatible for Editor in 0.43 ms, found 2 plugins.
Preloading 0 native plugins for Editor in 0.00 ms.
Unloading 2210 Unused Serialized files (Serialized files now loaded: 0)
System memory in use before: 116.3 MB.
System memory in use after: 116.4 MB.

Unloading 15 unused Assets to reduce memory usage. Loaded Objects now: 2708.
Total: 2.519100 ms (FindLiveObjects: 0.268000 ms CreateObjectMapping: 0.135900 ms MarkObjects: 2.094700 ms  DeleteObjects: 0.018900 ms)

AssetImportParameters requested are different than current active one (requested -> active):
  custom:framework-win-MediaFoundation: 216162199b28c13a410421893ffa2e32 -> 
  custom:video-decoder-ogg-theora: a1e56fd34408186e4bbccfd4996cb3dc -> 
  custom:container-muxer-webm: aa71ff27fc2769a1b78a27578f13a17b -> 
  custom:container-demuxer-webm: 4f35f7cbe854078d1ac9338744f61a02 -> 
  custom:container-demuxer-ogg: 62fdf1f143b41e24485cea50d1cbac27 -> 
  custom:video-encoder-webm-vp8: eb34c28f22e8b96e1ab97ce403110664 -> 
  custom:video-codec-MediaFoundation-h265: 746d11721c4dcdbdad8f713fa42b33f4 -> 
  custom:video-decoder-webm-vp8: 9c59270c3fd7afecdb556c50c9e8de78 -> 
  custom:audio-decoder-ogg-vorbis: bf7c407c2cedff20999df2af8eb42d56 -> 
  custom:audio-encoder-webm-vorbis: bf7c407c2cedff20999df2af8eb42d56 -> 
========================================================================
Received Import Request.
  Time since last request: 37.315507 seconds.
  path: Assets/Animations/New Human Template.ht
  artifactKey: Guid(1d2b66d32534db042b140278f4974313) Importer(815301076,1909f56bfc062723c751e8b465ee728b)
Start importing Assets/Animations/New Human Template.ht using Guid(1d2b66d32534db042b140278f4974313) Importer(815301076,1909f56bfc062723c751e8b465ee728b)  -> (artifact id: '1331b9a59afea59fcc32758ddc900750') in 0.017926 seconds 
  Import took 0.021562 seconds .

========================================================================
Received Import Request.
  Time since last request: 0.000282 seconds.
  path: Assets/Animations/UpperBody.mask
  artifactKey: Guid(0db1d891dcd5dbf4a94c1b805ec7ba2e) Importer(815301076,1909f56bfc062723c751e8b465ee728b)
Start importing Assets/Animations/UpperBody.mask using Guid(0db1d891dcd5dbf4a94c1b805ec7ba2e) Importer(815301076,1909f56bfc062723c751e8b465ee728b)  -> (artifact id: 'c52966f806c0bcd3a8dbc89e7bda502f') in 0.009645 seconds 
  Import took 0.013072 seconds .

========================================================================
Received Import Request.
  Time since last request: 8.759348 seconds.
  path: Assets/Scenes
  artifactKey: Guid(67057b6d891904d44890faf1a3bfa29d) Importer(815301076,1909f56bfc062723c751e8b465ee728b)
Start importing Assets/Scenes using Guid(67057b6d891904d44890faf1a3bfa29d) Importer(815301076,1909f56bfc062723c751e8b465ee728b)  -> (artifact id: '715dd4f1542fb5ab29fbc5a859719e91') in 0.006027 seconds 
  Import took 0.009741 seconds .

========================================================================
Received Import Request.
  Time since last request: 39.702393 seconds.
  path: Assets/Scenes/Project One
  artifactKey: Guid(e5e7529f04fe3e74486a52443c6aad7a) Importer(815301076,1909f56bfc062723c751e8b465ee728b)
Start importing Assets/Scenes/Project One using Guid(e5e7529f04fe3e74486a52443c6aad7a) Importer(815301076,1909f56bfc062723c751e8b465ee728b)  -> (artifact id: '465920b4a72b74d0979fe8103d4c3188') in 0.002914 seconds 
  Import took 0.007790 seconds .

========================================================================
Received Import Request.
  Time since last request: 50.248850 seconds.
  path: Assets/Plugins
  artifactKey: Guid(a59399b6a524fc149a2befd68d28dc71) Importer(815301076,1909f56bfc062723c751e8b465ee728b)
Start importing Assets/Plugins using Guid(a59399b6a524fc149a2befd68d28dc71) Importer(815301076,1909f56bfc062723c751e8b465ee728b)  -> (artifact id: 'bc58e52bbfbc4be158bf1cc65cd926c4') in 0.007511 seconds 
  Import took 0.012513 seconds .

========================================================================
Received Prepare
Registering precompiled user dll's ...
Registered in 0.008519 seconds.
Begin MonoManager ReloadAssembly
Native extension for WindowsStandalone target not found
Refreshing native plugins compatible for Editor in 0.95 ms, found 2 plugins.
Preloading 0 native plugins for Editor in 0.00 ms.
Mono: successfully reloaded assembly
- Completed reload, in  1.444 seconds
Domain Reload Profiling:
	ReloadAssembly (1444ms)
		BeginReloadAssembly (133ms)
			ExecutionOrderSort (0ms)
			DisableScriptedObjects (6ms)
			BackupInstance (0ms)
			ReleaseScriptingObjects (0ms)
			CreateAndSetChildDomain (42ms)
		EndReloadAssembly (1222ms)
			LoadAssemblies (112ms)
			RebuildTransferFunctionScriptingTraits (0ms)
			SetupTypeCache (381ms)
			ReleaseScriptCaches (1ms)
			RebuildScriptCaches (51ms)
			SetupLoadedEditorAssemblies (539ms)
				LogAssemblyErrors (0ms)
				InitializePlatformSupportModulesInManaged (5ms)
				SetLoadedEditorAssemblies (0ms)
				RefreshPlugins (1ms)
				BeforeProcessingInitializeOnLoad (123ms)
				ProcessInitializeOnLoadAttributes (396ms)
				ProcessInitializeOnLoadMethodAttributes (5ms)
				AfterProcessingInitializeOnLoad (8ms)
				EditorAssembliesLoaded (0ms)
			ExecutionOrderSort2 (0ms)
			AwakeInstancesAfterBackupRestoration (8ms)
Platform modules already initialized, skipping
Refreshing native plugins compatible for Editor in 0.63 ms, found 2 plugins.
Preloading 0 native plugins for Editor in 0.00 ms.
Unloading 2270 Unused Serialized files (Serialized files now loaded: 0)
System memory in use before: 120.2 MB.
System memory in use after: 120.4 MB.

Unloading 15 unused Assets to reduce memory usage. Loaded Objects now: 2771.
Total: 3.112800 ms (FindLiveObjects: 0.396200 ms CreateObjectMapping: 0.163500 ms MarkObjects: 2.530300 ms  DeleteObjects: 0.021600 ms)

AssetImportParameters requested are different than current active one (requested -> active):
  custom:framework-win-MediaFoundation: 216162199b28c13a410421893ffa2e32 -> 
  custom:video-decoder-ogg-theora: a1e56fd34408186e4bbccfd4996cb3dc -> 
  custom:container-muxer-webm: aa71ff27fc2769a1b78a27578f13a17b -> 
  custom:container-demuxer-webm: 4f35f7cbe854078d1ac9338744f61a02 -> 
  custom:container-demuxer-ogg: 62fdf1f143b41e24485cea50d1cbac27 -> 
  custom:video-encoder-webm-vp8: eb34c28f22e8b96e1ab97ce403110664 -> 
  custom:video-codec-MediaFoundation-h265: 746d11721c4dcdbdad8f713fa42b33f4 -> 
  custom:video-decoder-webm-vp8: 9c59270c3fd7afecdb556c50c9e8de78 -> 
  custom:audio-decoder-ogg-vorbis: bf7c407c2cedff20999df2af8eb42d56 -> 
  custom:audio-encoder-webm-vorbis: bf7c407c2cedff20999df2af8eb42d56 -> 
========================================================================
Received Import Request.
  Time since last request: 272.194720 seconds.
  path: Assets/Scenes/Project Two
  artifactKey: Guid(f46baa852b779fc4d9478f8814394d96) Importer(815301076,1909f56bfc062723c751e8b465ee728b)
Start importing Assets/Scenes/Project Two using Guid(f46baa852b779fc4d9478f8814394d96) Importer(815301076,1909f56bfc062723c751e8b465ee728b)  -> (artifact id: 'ecdcade981a7f9ed0f29337d2c9cafcd') in 0.011052 seconds 
  Import took 0.015572 seconds .

========================================================================
Received Import Request.
  Time since last request: 17.067815 seconds.
  path: Assets/Scenes/Project Two/New KCC Settings.asset
  artifactKey: Guid(8ec4cb35dc73f8248ad4c58c7dcca8d9) Importer(815301076,1909f56bfc062723c751e8b465ee728b)
Start importing Assets/Scenes/Project Two/New KCC Settings.asset using Guid(8ec4cb35dc73f8248ad4c58c7dcca8d9) Importer(815301076,1909f56bfc062723c751e8b465ee728b)  -> (artifact id: 'e12318a651fc1026dc00d4e6756d5164') in 0.016588 seconds 
  Import took 0.020665 seconds .

========================================================================
Received Import Request.
  Time since last request: 26.308773 seconds.
  path: Assets/Scenes/Project Two/Project_Two_Scene1.unity
  artifactKey: Guid(96be77015e0d5c3408cc0418dc96ac87) Importer(815301076,1909f56bfc062723c751e8b465ee728b)
Start importing Assets/Scenes/Project Two/Project_Two_Scene1.unity using Guid(96be77015e0d5c3408cc0418dc96ac87) Importer(815301076,1909f56bfc062723c751e8b465ee728b)  -> (artifact id: 'd36658b9d076814e2140b67e3580afb0') in 0.006507 seconds 
  Import took 0.010665 seconds .

